  GEN     /home/nian/CherryS/out/SC03E/AOSP/obj/Makefile
  CHK     include/linux/version.h
  Using /home/nian/CherryS as source for kernel
  CHK     include/generated/utsrelease.h
  UPD     include/generated/utsrelease.h
make[2]: “include/generated/mach-types.h”是最新的。
  CALL    /home/nian/CherryS/scripts/checksyscalls.sh
  CC      mm/page_alloc.o
  CC      kernel/time.o
  CC      mm/memblock.o
  CHK     include/generated/compile.h
  CC      init/version.o
  CC      security/selinux/ss/services.o
  CC      mm/bounce.o
  CC      fs/splice.o
  CC      fs/sync.o
  LD      init/built-in.o
  CC      security/commoncap.o
  LD      sound/soundcore.o
  LD      crypto/crypto.o
  CC      fs/utimes.o
  CC      kernel/sys.o
  CC      mm/page_io.o
  CC      fs/stack.o
  CC      mm/swap_state.o
  CC      fs/fs_struct.o
  CC      mm/swapfile.o
  CC      mm/thrash.o
  CC      crypto/authencesn.o
  LD      sound/firewire/built-in.o
  LD      sound/drivers/mpu401/built-in.o
  CC      mm/dmapool.o
  CC      fs/statfs.o
  LD      sound/drivers/opl3/built-in.o
  CC      security/min_addr.o
  LD      sound/i2c/other/built-in.o
  LD      sound/i2c/built-in.o
  CC      security/security.o
  LD      sound/drivers/opl4/built-in.o
  LD      sound/drivers/pcsp/built-in.o
  CC      security/capability.o
  LD      sound/drivers/vx/built-in.o
  LD      sound/drivers/built-in.o
  CC      security/lsm_audit.o
  CC      sound/core/control.o
  LD      sound/isa/ad1816a/built-in.o
  LD      sound/isa/ad1848/built-in.o
  LD      sound/isa/cs423x/built-in.o
  LD      sound/isa/es1688/built-in.o
  LD      sound/isa/galaxy/built-in.o
  LD      sound/isa/gus/built-in.o
  LD      sound/isa/msnd/built-in.o
  LD      sound/isa/opti9xx/built-in.o
  LD      sound/isa/sb/built-in.o
  LD      sound/isa/wavefront/built-in.o
  LD      sound/isa/wss/built-in.o
  LD      sound/isa/built-in.o
  LD      sound/mips/built-in.o
  LD      sound/parisc/built-in.o
  LD      sound/pci/ac97/built-in.o
  LD      sound/pci/ali5451/built-in.o
  LD      sound/pci/asihpi/built-in.o
  LD      sound/pci/au88x0/built-in.o
  LD      sound/pci/aw2/built-in.o
  LD      sound/pci/ca0106/built-in.o
  LD      sound/pci/cs46xx/built-in.o
  LD      sound/pci/cs5535audio/built-in.o
  LD      sound/pci/ctxfi/built-in.o
  LD      sound/pci/echoaudio/built-in.o
  LD      sound/pci/emu10k1/built-in.o
  LD      sound/pci/hda/built-in.o
  CC      sound/core/misc.o
  LD      sound/pci/ice1712/built-in.o
  LD      sound/pci/korg1212/built-in.o
  LD      sound/pci/lola/built-in.o
  CC      sound/core/device.o
  CC      sound/core/jack.o
  CC      fs/buffer.o
  LD      sound/pci/lx6464es/built-in.o
  CC      fs/bio.o
  CC      crypto/rng.o
  LD      sound/pci/mixart/built-in.o
  LD      sound/pci/nm256/built-in.o
  LD      sound/core/snd.o
  LD      sound/pci/oxygen/built-in.o
  LD      sound/pci/pcxhr/built-in.o
  CC      crypto/krng.o
  LD      sound/pci/rme9652/built-in.o
  LD      sound/pci/riptide/built-in.o
  CC      fs/block_dev.o
  CC      fs/direct-io.o
  CC      mm/ashmem.o
  LD      sound/pci/trident/built-in.o
  CC      security/selinux/ss/conditional.o
  LD      sound/pci/vx222/built-in.o
  CC [M]  crypto/md4.o
  LD      sound/pci/ymfpci/built-in.o
  LD      sound/pci/built-in.o
  LD      sound/core/snd-hwdep.o
  LD      sound/core/snd-timer.o
  LD      sound/pcmcia/pdaudiocf/built-in.o
  CC      kernel/irq/manage.o
  LD      sound/core/snd-pcm.o
  LD      crypto/built-in.o
  LD      sound/pcmcia/vx/built-in.o
  LD      sound/pcmcia/built-in.o
  LD      sound/ppc/built-in.o
  LD      sound/sh/built-in.o
  CC      fs/mpage.o
  LD      sound/core/snd-page-alloc.o
  CC      fs/ioprio.o
  CC      mm/compaction.o
  CC      drivers/gud/MobiCoreKernelApi/connection.o
  CC      sound/soc/soc-core.o
  CC      security/selinux/ss/mls.o
  LD      sound/core/snd-rawmidi.o
  LD      sound/core/built-in.o
  LD      fs/cifs/built-in.o
  LD      sound/sparc/built-in.o
  CC [M]  fs/cifs/cifsfs.o
  LD      sound/spi/built-in.o
/home/nian/CherryS/drivers/gpu/mali400/r3p2/mali/Kbuild:47: Current directory is /home/nian/CherryS/drivers/gpu/mali400/r3p2/mali from /home/nian/CherryS/out/SC03E/AOSP/obj
  LD      sound/synth/built-in.o
  CC      sound/usb/card.o
  CC      kernel/irq/spurious.o
  CC      fs/debugfs/inode.o
  CC      mm/ksm.o
  LD      drivers/gud/mcKernelApi.o
  CC      security/selinux/ss/status.o
  CC      fs/devpts/inode.o
  CC      kernel/irq/resend.o
  LD      drivers/gud/mcDrvModule.o
  CC      kernel/irq/chip.o
  CC      fs/debugfs/file.o
  CC      fs/ecryptfs/dentry.o
  LD      drivers/gud/built-in.o
  CC      fs/ecryptfs/file.o
  LD      security/selinux/selinux.o
  CC [M]  fs/cifs/cifssmb.o
  LD      fs/devpts/devpts.o
  LD      fs/devpts/built-in.o
  CC      net/bluetooth_mgmt/hci_core.o
  CC      sound/usb/mixer.o
  LD      fs/exfat/built-in.o
  CC [M]  fs/exfat/exfat.o
  LD      security/selinux/built-in.o
  LD      security/built-in.o
  CC      fs/ecryptfs/inode.o
  CC      fs/ecryptfs/main.o
  LD      fs/debugfs/debugfs.o
  LD      fs/debugfs/built-in.o
  LD      arch/arm/lib/built-in.o
  AS      arch/arm/lib/ashldi3.o
  CC      sound/soc/soc-dapm.o
  CC      kernel/irq/dummychip.o
  CC      mm/slub.o
  CC      fs/ext2/balloc.o
  AS      arch/arm/lib/ashrdi3.o
  AS      arch/arm/lib/backtrace.o
  CC      drivers/gpu/mali400/r3p2/mali/linux/mali_osk_atomics.o
  AS      arch/arm/lib/changebit.o
  CC      drivers/gpu/mali400/r3p2/mali/linux/mali_osk_irq.o
  AS      arch/arm/lib/clear_user.o
  AS      arch/arm/lib/clearbit.o
  CC      fs/ext2/dir.o
  AS      arch/arm/lib/copy_from_user.o
  CC      drivers/gpu/mali400/r3p2/mali/linux/mali_osk_wq.o
  AS      arch/arm/lib/copy_page.o
  CC      kernel/irq/devres.o
  AS      arch/arm/lib/copy_to_user.o
  CC      drivers/gpu/mali400/r3p2/mali/linux/mali_osk_locks.o
  AS      arch/arm/lib/csumipv6.o
  CC      sound/usb/mixer_quirks.o
  CC [M]  fs/exfat/exfat_api.o
  AS      arch/arm/lib/csumpartial.o
  AS      arch/arm/lib/csumpartialcopy.o
  CC      drivers/gpu/mali400/r3p2/mali/linux/mali_osk_wait_queue.o
  CC      fs/ext2/file.o
  CC      mm/migrate.o
  CC      sound/soc/soc-jack.o
  CC      kernel/irq/generic-chip.o
  CC      fs/ecryptfs/super.o
  AS      arch/arm/lib/csumpartialcopyuser.o
  CC      sound/usb/proc.o
  AS      arch/arm/lib/delay.o
  CC      net/core/sock.o
  AS      arch/arm/lib/div64.o
  CC      drivers/gpu/mali400/r3p2/mali/linux/mali_osk_low_level_mem.o
  CC      fs/ecryptfs/mmap.o
  CC      sound/usb/quirks.o
  CC      fs/ext2/ialloc.o
  CC [M]  fs/exfat/exfat_blkdev.o
  AS      arch/arm/lib/findbit.o
  CC      kernel/irq/autoprobe.o
  AS      arch/arm/lib/getuser.o
  CC [M]  fs/cifs/cifs_debug.o
  AS      arch/arm/lib/io-readsb.o
  AS      arch/arm/lib/io-readsl.o
  CC      net/bluetooth_mgmt/hci_conn.o
  CC      fs/ext2/inode.o
  CC      drivers/gpu/mali400/r3p2/mali/linux/mali_osk_math.o
  AS      arch/arm/lib/io-readsw-armv4.o
  CC      kernel/irq/proc.o
  CC      sound/usb/format.o
  AS      arch/arm/lib/io-writesb.o
  CC      sound/soc/soc-cache.o
  CC      fs/ecryptfs/read_write.o
  AS      arch/arm/lib/io-writesl.o
  CC      drivers/gpu/mali400/r3p2/mali/linux/mali_osk_memory.o
  AS      arch/arm/lib/io-writesw-armv4.o
  CC [M]  fs/exfat/exfat_cache.o
  AS      arch/arm/lib/lib1funcs.o
  AS      arch/arm/lib/lshrdi3.o
  CC      kernel/irq/pm.o
  AS      arch/arm/lib/memchr.o
  CC      drivers/gpu/mali400/r3p2/mali/linux/mali_osk_misc.o
  AS      arch/arm/lib/memcpy.o
  AS      arch/arm/lib/memmove.o
  CC      mm/cleancache.o
  AS      arch/arm/lib/memset.o
  CC      fs/ecryptfs/crypto.o
  CC [M]  fs/cifs/connect.o
  AS      arch/arm/lib/memzero.o
  LD      kernel/irq/built-in.o
  CC      sound/usb/endpoint.o
  CC      drivers/gpu/mali400/r3p2/mali/linux/mali_osk_mali.o
  AS      arch/arm/lib/muldi3.o
  AS      arch/arm/lib/putuser.o
  CC [M]  fs/exfat/exfat_data.o
  AS      arch/arm/lib/setbit.o
  CC      sound/soc/soc-utils.o
  CC      fs/ext2/ioctl.o
  CC      mm/cma.o
  AS      arch/arm/lib/sha1.o
  CC      drivers/gpu/mali400/r3p2/mali/linux/mali_osk_notification.o
  CC      net/bluetooth_mgmt/hci_event.o
  AS      arch/arm/lib/strchr.o
  AS      arch/arm/lib/strncpy_from_user.o
  AS      arch/arm/lib/strnlen_user.o
  CC      mm/cma-best-fit.o
  CC      net/core/request_sock.o
  CC      drivers/gpu/mali400/r3p2/mali/linux/mali_osk_time.o
  CC [M]  fs/exfat/exfat_global.o
  CC      fs/ecryptfs/keystore.o
  CC      fs/ext2/namei.o
  CC      sound/usb/urb.o
  LD      sound/soc/atmel/built-in.o
  AS      arch/arm/lib/strrchr.o
  CC      drivers/gpu/mali400/r3p2/mali/linux/mali_osk_timers.o
  CC [M]  fs/exfat/exfat_nls.o
  AS      arch/arm/lib/testchangebit.o
  CC      drivers/gpu/mali400/r3p2/mali/linux/mali_ukk_mem.o
  AS      arch/arm/lib/testclearbit.o
  AS      arch/arm/lib/testsetbit.o
  CC      fs/ext2/super.o
  AS      arch/arm/lib/ucmpdi2.o
  LD      mm/built-in.o
  CC      net/core/skbuff.o
  LD      sound/soc/au1x/built-in.o
  AR      arch/arm/lib/lib.a
  CC [M]  fs/exfat/exfat_oal.o
  CC      sound/usb/pcm.o
  LD      sound/soc/blackfin/built-in.o
  CC      fs/ecryptfs/messaging.o
  CC [M]  fs/exfat/exfat_upcase.o
  CC [M]  fs/cifs/dir.o
  CC      sound/soc/codecs/wm_hubs.o
  CC      net/bluetooth_mgmt/mgmt.o
  CC [M]  fs/exfat/exfat_super.o
  CC      fs/ecryptfs/miscdev.o
  CC      lib/bcd.o
  CC      sound/usb/helper.o
  CC      kernel/power/process.o
  CC      fs/ext2/symlink.o
  CC      drivers/gpu/mali400/r3p2/mali/linux/mali_ukk_gp.o
/home/nian/CherryS/net/bluetooth_mgmt/mgmt.c: In function 'pin_code_reply':
/home/nian/CherryS/net/bluetooth_mgmt/mgmt.c:1463:36: warning: unused variable 'ncp' [-Wunused-variable]
/home/nian/CherryS/net/bluetooth_mgmt/mgmt.c: At top level:
/home/nian/CherryS/net/bluetooth_mgmt/mgmt.c:132:11: warning: 'mgmt_status_table' defined but not used [-Wunused-variable]
  CC      lib/div64.o
  LD      fs/ext2/ext2.o
  CC      drivers/gpu/mali400/r3p2/mali/linux/mali_ukk_pp.o
  CC [M]  fs/cifs/file.o
  CC      sound/usb/clock.o
  LD      fs/ext2/built-in.o
  CC      lib/sort.o
  CC      fs/ecryptfs/kthread.o
  CC      kernel/power/suspend.o
  CC      drivers/gpu/mali400/r3p2/mali/linux/mali_ukk_core.o
  CC      fs/ext4/balloc.o
  CC      sound/soc/codecs/wm8994.o
  CC      lib/parser.o
  CC      sound/usb/midi.o
/home/nian/CherryS/sound/soc/codecs/wm8994.c: In function 'wm8994_readable':
/home/nian/CherryS/sound/soc/codecs/wm8994.c:138:22: warning: unused variable 'wm8994' [-Wunused-variable]
/home/nian/CherryS/sound/soc/codecs/wm8994.c: At top level:
/home/nian/CherryS/sound/soc/codecs/wm8994.c:2325:20: warning: 'wm8994_fll_locked_irq' defined but not used [-Wunused-function]
/home/nian/CherryS/sound/soc/codecs/wm8994.c:3851:20: warning: 'wm8994_fifo_error' defined but not used [-Wunused-function]
/home/nian/CherryS/sound/soc/codecs/wm8994.c:3860:20: warning: 'wm8994_temp_warn' defined but not used [-Wunused-function]
/home/nian/CherryS/sound/soc/codecs/wm8994.c:3869:20: warning: 'wm8994_temp_shut' defined but not used [-Wunused-function]
  CC      drivers/gpu/mali400/r3p2/mali/common/mali_kernel_core.o
  CC      lib/halfmd4.o
  CC      kernel/power/wakelock.o
  CC      fs/ecryptfs/debug.o
  LD [M]  fs/exfat/exfat_core.o
  CC      fs/ext4/bitmap.o
  CC      lib/debug_locks.o
  LD      fs/ecryptfs/ecryptfs.o
  CC      net/bluetooth_mgmt/hci_sock.o
  LD [M]  fs/exfat/exfat_fs.o
  CC      lib/random32.o
  CC      fs/fat/cache.o
  CC      fs/ext4/dir.o
  CC      drivers/gpu/mali400/r3p2/mali/linux/mali_kernel_linux.o
  CC      net/core/iovec.o
  CC [M]  fs/cifs/inode.o
  CC      sound/soc/codecs/wm8994-tables.o
  CC      kernel/power/userwakelock.o
  CC      sound/soc/codecs/wm8958-dsp2.o
  CC      net/bluetooth_mgmt/hci_sysfs.o
  CC      lib/bust_spinlocks.o
  LD      sound/usb/6fire/built-in.o
  LD      fs/ecryptfs/built-in.o
  LD      sound/usb/caiaq/built-in.o
  CC      fs/ext4/file.o
  LD      sound/usb/misc/built-in.o
  CC      fs/fat/dir.o
  CC      fs/fuse/dev.o
  CC      kernel/power/earlysuspend.o
  LD      sound/usb/usx2y/built-in.o
  CC      drivers/gpu/mali400/r3p2/mali/common/mali_kernel_descriptor_mapping.o
  LD      sound/usb/snd-usb-audio.o
  CC      net/core/datagram.o
  CC      lib/hexdump.o
  CC      drivers/gpu/mali400/r3p2/mali/common/mali_session.o
  LD      sound/usb/snd-usbmidi-lib.o
  CC [M]  fs/cifs/link.o
  CC      fs/ext4/fsync.o
  LD      sound/usb/built-in.o
  CC      sound/soc/codecs/boeffla_sound.o
  CC      sound/last.o
  CC      net/bluetooth_mgmt/lib.o
  CC      drivers/gpu/mali400/r3p2/mali/linux/mali_device_pause_resume.o
  CC      lib/kasprintf.o
  CC      kernel/power/fbearlysuspend.o
  CC      net/core/stream.o
  CC      net/core/scm.o
  CC      net/bluetooth_mgmt/l2cap_core.o
  CC      drivers/gpu/mali400/r3p2/mali/common/mali_kernel_vsync.o
  CC      lib/bitmap.o
  CC      fs/ext4/ialloc.o
  CC [M]  fs/cifs/misc.o
  CC      drivers/gpu/mali400/r3p2/mali/linux/mali_ukk_vsync.o
  CC      kernel/power/poweroff.o
  CC      fs/fat/fatent.o
  CC      net/core/gen_stats.o
  CC      net/bluetooth_mgmt/l2cap_sock.o
  LD      sound/soc/codecs/snd-soc-wm8994.o
  LD      sound/soc/codecs/snd-soc-wm-hubs.o
  CC      drivers/gpu/mali400/r3p2/mali/linux/mali_kernel_sysfs.o
  LD      sound/soc/codecs/built-in.o
  LD      kernel/power/built-in.o
  LD      sound/soc/davinci/built-in.o
  LD      sound/soc/ep93xx/built-in.o
  CC      fs/fuse/dir.o
  CC      kernel/time/timekeeping.o
  CC      lib/scatterlist.o
  LD      sound/soc/fsl/built-in.o
  CC      net/core/gen_estimator.o
  CC      net/core/net_namespace.o
  LD      sound/soc/imx/built-in.o
  LD      sound/soc/jz4740/built-in.o
  LD      sound/soc/kirkwood/built-in.o
  LD      sound/soc/mid-x86/built-in.o
  CC      net/bluetooth_mgmt/smp.o
  CC      fs/ext4/inode.o
  LD      sound/soc/nuc900/built-in.o
  CC      drivers/gpu/mali400/r3p2/mali/common/mali_mmu.o
  LD      sound/soc/omap/built-in.o
  LD      sound/soc/pxa/built-in.o
  CC      lib/string_helpers.o
  LD      sound/soc/s6000/built-in.o
  CC [M]  fs/cifs/netmisc.o
  CC      sound/soc/samsung/audss.o
  CC [M]  fs/cifs/smbencrypt.o
  CC      drivers/gpu/mali400/r3p2/mali/common/mali_mmu_page_directory.o
  CC      net/bluetooth_mgmt/sco.o
  CC      sound/soc/samsung/i2s.o
  LD      sound/soc/sh/built-in.o
  CC      fs/fuse/file.o
  CC      lib/gcd.o
  CC      net/core/secure_seq.o
  CC      net/core/sysctl_net_core.o
  LD      sound/soc/tegra/built-in.o
  CC      kernel/time/ntp.o
  CC      fs/ext4/page-io.o
  CC      fs/fat/file.o
  LD      sound/soc/txx9/built-in.o
  CC      fs/fuse/inode.o
  CC      drivers/gpu/mali400/r3p2/mali/common/mali_memory.o
  CC      net/core/dev.o
  CC      lib/lcm.o
  CC [M]  fs/cifs/transport.o
  CC      lib/list_sort.o
  CC      net/core/ethtool.o
  CC      kernel/time/clocksource.o
  CC      drivers/gpu/mali400/r3p2/mali/common/mali_kernel_memory_engine.o
  CC      fs/ext4/ioctl.o
  CC      sound/soc/samsung/idma.o
  CC      lib/uuid.o
  CC      net/bluetooth_mgmt/bnep/core.o
  CC      drivers/gpu/mali400/r3p2/mali/common/mali_block_allocator.o
  CC      fs/fuse/control.o
  CC      lib/flex_array.o
  CC      fs/fat/inode.o
  CC      kernel/time/jiffies.o
  CC      drivers/gpu/mali400/r3p2/mali/common/mali_kernel_mem_os.o
  CC      drivers/gpu/mali400/r3p2/mali/common/mali_mem_validation.o
  CC      kernel/time/timer_list.o
  CC [M]  fs/cifs/asn1.o
  CC      drivers/gpu/mali400/r3p2/mali/common/mali_hw_core.o
  CC      drivers/gpu/mali400/r3p2/mali/common/mali_gp.o
  CC      drivers/gpu/mali400/r3p2/mali/common/mali_pp.o
  CC      lib/bsearch.o
  CC      sound/soc/samsung/m3_wm1811.o
  CC      lib/find_last_bit.o
  CC      kernel/time/timecompare.o
  CC      fs/ext4/namei.o
  LD      fs/fuse/fuse.o
  LD      fs/fuse/built-in.o
  CC      lib/kstrtox.o
  CC      lib/iomap_copy.o
  CC      drivers/gpu/mali400/r3p2/mali/common/mali_pp_job.o
  CC      fs/isofs/namei.o
  CC      drivers/gpu/mali400/r3p2/mali/common/mali_gp_job.o
  CC      lib/devres.o
  CC      net/core/dev_addr_lists.o
  CC      kernel/time/timeconv.o
  CC      net/bluetooth_mgmt/bnep/sock.o
  CC      drivers/gpu/mali400/r3p2/mali/common/mali_scheduler.o
  CC      fs/isofs/inode.o
  CC [M]  fs/cifs/cifs_unicode.o
  CC      drivers/gpu/mali400/r3p2/mali/common/mali_gp_scheduler.o
  CC      fs/fat/misc.o
  CC      kernel/time/posix-clock.o
  CC      lib/hweight.o
  CC      lib/list_debug.o
  CC      drivers/gpu/mali400/r3p2/mali/common/mali_pp_scheduler.o
  CC      net/bluetooth_mgmt/bnep/netdev.o
  CC      lib/bitrev.o
  CC      sound/soc/samsung/dma.o
  CC      lib/crc-ccitt.o
  CC [M]  fs/cifs/nterr.o
  CC      lib/crc16.o
  CC      net/core/dst.o
  CC      fs/fat/namei_msdos.o
  CC      fs/isofs/dir.o
  CC [M]  fs/cifs/xattr.o
  CC      kernel/time/clockevents.o
  CC      lib/crc-itu-t.o
  HOSTCC  lib/gen_crc32table
  LD      net/bluetooth_mgmt/bnep/bnep.o
  LD      net/bluetooth_mgmt/bnep/built-in.o
  CC      net/bluetooth_mgmt/hidp/core.o
  CC      fs/isofs/util.o
  CC      lib/libcrc32c.o
  CC      kernel/time/tick-common.o
  CC      sound/soc/samsung/srp_alp/srp_alp.o
  CC      fs/isofs/rock.o
  CC      drivers/gpu/mali400/r3p2/mali/common/mali_group.o
  CC      lib/genalloc.o
  CC      fs/ext4/super.o
  CC [M]  fs/cifs/cifsencrypt.o
  CC      fs/fat/namei_vfat.o
  CC      net/core/netevent.o
  CC      kernel/time/tick-broadcast.o
  CC      lib/lzo/lzo1x_compress.o
  CC      fs/isofs/export.o
  CC      net/bluetooth_mgmt/hidp/sock.o
  CC      lib/lzo/lzo1x_decompress.o
  CC      net/core/neighbour.o
  CC [M]  fs/cifs/readdir.o
  CC      net/core/rtnetlink.o
  CC      kernel/time/tick-oneshot.o
  CC      lib/reed_solomon/reed_solomon.o
  CC      drivers/gpu/mali400/r3p2/mali/common/mali_dlbu.o
  CC      fs/isofs/joliet.o
  CC      drivers/gpu/mali400/r3p2/mali/common/mali_broadcast.o
  CC      kernel/time/tick-sched.o
  LD      net/bluetooth_mgmt/hidp/hidp.o
  LD      net/bluetooth_mgmt/hidp/built-in.o
  LD      lib/lzo/lzo_compress.o
  LD      fs/fat/fat.o
  LD      lib/lzo/lzo_decompress.o
  LD      lib/lzo/built-in.o
  LD      fs/fat/vfat.o
  CC      net/bluetooth_mgmt/rfcomm/core.o
  LD      fs/fat/msdos.o
  LD      fs/fat/built-in.o
  CC      lib/zlib_deflate/deflate.o
  CC      fs/isofs/compress.o
  CC      fs/jbd2/transaction.o
  LD      sound/soc/samsung/srp_alp/built-in.o
  LD      sound/soc/samsung/snd-soc-s3c24xx.o
  LD      sound/soc/samsung/snd-soc-i2s.o
  LD      sound/soc/samsung/snd-soc-audss.o
  LD      sound/soc/samsung/snd-soc-idma.o
  LD      sound/soc/samsung/snd-soc-m3-wm1811.o
  LD      sound/soc/samsung/built-in.o
  CC      drivers/gpu/mali400/r3p2/mali/common/mali_pm.o
  LD      sound/soc/snd-soc-core.o
  LD      sound/soc/built-in.o
  CC      drivers/gpu/mali400/r3p2/mali/common/mali_pmu.o
  CC [M]  fs/cifs/ioctl.o
  LD      lib/reed_solomon/built-in.o
  CC      lib/zlib_inflate/inffast.o
  LD      sound/built-in.o
  CC      lib/zlib_deflate/deftree.o
  CC      drivers/gpu/mali400/r3p2/mali/common/mali_user_settings_db.o
  LD      fs/isofs/isofs.o
  LD      fs/isofs/built-in.o
  CC      kernel/time/timer_stats.o
  CC      drivers/gpu/mali400/r3p2/mali/common/mali_kernel_utilization.o
  CC      fs/lockd/clntlock.o
  CC      lib/zlib_inflate/inflate.o
  CC      lib/zlib_inflate/infutil.o
  CC      drivers/gpu/mali400/r3p2/mali/common/mali_l2_cache.o
  CC      lib/zlib_inflate/inftrees.o
  CC [M]  fs/cifs/sess.o
  LD      kernel/time/built-in.o
  CC      kernel/futex.o
  CC      lib/zlib_inflate/inflate_syms.o
  CC      net/core/utils.o
  CC      net/bluetooth_mgmt/rfcomm/sock.o
  CC      drivers/gpu/mali400/r3p2/mali/common/mali_pm_domain.o
  CC      lib/zlib_deflate/deflate_syms.o
  CC      fs/jbd2/commit.o
  CC      kernel/rtmutex.o
  CC      drivers/gpu/mali400/r3p2/mali/linux/mali_osk_pm.o
  LD      lib/zlib_deflate/zlib_deflate.o
  LD      lib/zlib_deflate/built-in.o
  CC      lib/textsearch.o
  CC      net/core/link_watch.o
  LD      lib/zlib_inflate/zlib_inflate.o
  LD      lib/zlib_inflate/built-in.o
  CC      lib/ts_kmp.o
  CC      drivers/gpu/mali400/r3p2/mali/linux/mali_pmu_power_up_down.o
  CC      kernel/smp.o
  CC      lib/ts_bm.o
  CC      fs/lockd/clntproc.o
  CC      lib/ts_fsm.o
  CC      net/core/filter.o
  CC      lib/percpu_counter.o
  CC      drivers/gpu/mali400/r3p2/mali/__malidrv_build_info.o
  CC [M]  fs/cifs/export.o
  CC      net/bluetooth_mgmt/rfcomm/tty.o
  CC      drivers/gpu/mali400/r3p2/mali/platform/pegasus-m400/exynos4.o
  CC      fs/ext4/symlink.o
  CC      lib/audit.o
  CC      lib/fault-inject.o
  CC      fs/jbd2/recovery.o
  CC      kernel/spinlock.o
  CC      kernel/uid16.o
  CC      net/core/flow.o
  CC [M]  fs/cifs/cifsacl.o
  CC      lib/nlattr.o
  CC      drivers/gpu/mali400/r3p2/mali/platform/pegasus-m400/exynos4_pmm.o
  CC      fs/ext4/hash.o
  CC      fs/ext4/resize.o
  CC      kernel/module.o
  CC      kernel/kallsyms.o
  CC      fs/jbd2/checkpoint.o
  CC      net/core/net-sysfs.o
  CC      fs/lockd/clntxdr.o
  CC      net/core/fib_rules.o
  CC      fs/ext4/extents.o
  CC      lib/cpu_rmap.o
  CC      drivers/gpu/mali400/r3p2/mali/linux/mali_sync.o
  LD      net/bluetooth_mgmt/rfcomm/rfcomm.o
  LD      net/bluetooth_mgmt/rfcomm/built-in.o
  LD      net/bluetooth_mgmt/bluetooth.o
  CC      kernel/cgroup.o
  CC      fs/ext4/ext4_jbd2.o
  CC      drivers/gpu/mali400/r3p2/mali/linux/mali_sync_user.o
  CC      lib/argv_split.o
  CC      fs/jbd2/revoke.o
  CC      fs/lockd/host.o
  CC [M]  fs/cifs/cifs_spnego.o
  LD      drivers/gpu/mali400/r3p2/mali/mali.o
  CC      fs/ext4/migrate.o
  CC      lib/cmdline.o
  LD      net/bluetooth_mgmt/built-in.o
  LD      drivers/gpu/mali400/r3p2/mali/built-in.o
  CC      net/dns_resolver/dns_key.o
  CC      lib/cpumask.o
  CC      fs/jbd2/journal.o
  CC [M]  fs/cifs/dns_resolve.o
  CC      drivers/gpu/mali400/r3p2/ump/common/ump_kernel_common.o
  CC      fs/ext4/mballoc.o
  LD      net/core/built-in.o
  CC      fs/ext4/block_validity.o
  CC      net/dns_resolver/dns_query.o
  CC      lib/ctype.o
  CC      fs/lockd/svc.o
  CC      drivers/gpu/mali400/r3p2/ump/common/ump_kernel_descriptor_mapping.o
  CC      kernel/cgroup_freezer.o
  CC      net/ethernet/eth.o
  CC [M]  fs/cifs/cifs_dfs_ref.o
  CC      lib/dec_and_lock.o
  LD      net/dns_resolver/dns_resolver.o
  LD      net/dns_resolver/built-in.o
  CC      drivers/gpu/mali400/r3p2/ump/common/ump_kernel_api.o
  CC      fs/ext4/move_extent.o
  CC      net/ipv4/route.o
  CC      lib/decompress.o
  CC      kernel/utsname.o
  CC      lib/decompress_inflate.o
  CC      fs/ext4/mmp.o
  CC      kernel/user_namespace.o
  CC      drivers/gpu/mali400/r3p2/ump/common/ump_kernel_ref_drv.o
  CC      lib/dump_stack.o
  LD [M]  fs/cifs/cifs.o
  CC      fs/ext4/xattr.o
  LD      net/ethernet/built-in.o
  LD      fs/jbd2/jbd2.o
  CC      kernel/pid_namespace.o
  CC      lib/extable.o
  LD      fs/jbd2/built-in.o
  CC      drivers/gpu/mali400/r3p2/ump/linux/ump_kernel_linux.o
  CC      fs/lockd/svclock.o
  CC      net/ipv6/af_inet6.o
  GZIP    kernel/config_data.gz
  CC      kernel/res_counter.o
  CC      fs/nfs/client.o
  CC      lib/find_next_bit.o
  CC      fs/ext4/xattr_user.o
  CC      fs/nfs_common/nfsacl.o
  CC      lib/idr.o
  CC      kernel/stop_machine.o
  CC      drivers/gpu/mali400/r3p2/ump/linux/ump_kernel_memory_backend_os.o
  CC      kernel/audit.o
  CC      fs/ext4/xattr_trusted.o
  CC      drivers/gpu/mali400/r3p2/ump/linux/ump_kernel_memory_backend_dedicated.o
  CC      kernel/auditfilter.o
  CC      fs/ext4/xattr_security.o
  CC      lib/int_sqrt.o
  CC      fs/lockd/svcshare.o
  LD      fs/nfs_common/nfs_acl.o
  LD      fs/nfs_common/built-in.o
  CC      lib/ioremap.o
  CC      lib/irq_regs.o
  CC      fs/nls/nls_base.o
  CC      drivers/gpu/mali400/r3p2/ump/linux/ump_memory_backend.o
  CC      lib/is_single_threaded.o
  CC      lib/klist.o
  CC      drivers/gpu/mali400/r3p2/ump/linux/ump_ukk_wrappers.o
  CC      lib/kobject.o
  LD      fs/ext4/ext4.o
  CC      fs/nls/nls_cp437.o
  CC      lib/kobject_uevent.o
  LD      fs/ext4/built-in.o
  CC      fs/nfs/dir.o
  CC      fs/lockd/svcproc.o
  CC      net/ipv6/anycast.o
  CC      fs/notify/fsnotify.o
  CC      drivers/gpu/mali400/r3p2/ump/linux/ump_ukk_ref_wrappers.o
  CC      fs/nls/nls_ascii.o
  CC      kernel/hung_task.o
  CC      lib/kref.o
  CC      kernel/watchdog.o
  CC      net/ipv4/inetpeer.o
  CC      fs/nls/nls_iso8859-1.o
  CC      drivers/gpu/mali400/r3p2/ump/linux/ump_osk_atomics.o
  CC      lib/md5.o
  CC      fs/nls/nls_utf8.o
  CC      kernel/rcutree.o
  CC      fs/notify/notification.o
  CC      lib/plist.o
  CC      drivers/gpu/mali400/r3p2/ump/linux/ump_osk_low_level_mem.o
  CC      lib/prio_heap.o
  CC      lib/prio_tree.o
  LD      fs/nls/built-in.o
  CC      lib/proportions.o
  CC      fs/partitions/check.o
/home/nian/CherryS/drivers/gpu/mali400/r3p2/ump/linux/ump_osk_low_level_mem.c:265:13: warning: '_ump_osk_msync_with_virt' defined but not used [-Wunused-function]
  CC      net/ipv6/ip6_output.o
  CC      fs/lockd/svcsubs.o
  CC      kernel/relay.o
  CC      lib/radix-tree.o
  CC      drivers/gpu/mali400/r3p2/ump/linux/ump_osk_misc.o
  CC      lib/ratelimit.o
  CC      lib/rbtree.o
  CC      fs/notify/group.o
  LD      drivers/gpu/mali400/r3p2/ump/ump.o
  CC      net/ipv4/protocol.o
  CC      lib/reciprocal_div.o
  LD      drivers/gpu/mali400/r3p2/ump/built-in.o
  LD      drivers/gpu/stub/built-in.o
  CC      fs/partitions/msdos.o
  CC      lib/rwsem-spinlock.o
  CC      lib/sha1.o
  CC      fs/nfs/file.o
  LD      drivers/gpu/vga/built-in.o
  LD      drivers/gpu/built-in.o
  CC      fs/notify/inode_mark.o
  CC      drivers/hid/hid-lg.o
  CC      kernel/utsname_sysctl.o
  CC      lib/show_mem.o
  CC      lib/string.o
  CC      fs/lockd/mon.o
  CC      kernel/elfcore.o
  CC      lib/timerqueue.o
  CC      net/ipv4/ip_input.o
  CC      kernel/sched_cpupri.o
  CC      lib/vsprintf.o
  CC      fs/partitions/efi.o
  IKCFG   kernel/config_data.h
  CC      fs/notify/mark.o
  CC      kernel/configs.o
  CC      fs/notify/vfsmount_mark.o
  GEN     lib/crc32table.h
  CC      lib/crc32.o
  LD      fs/notify/dnotify/built-in.o
  LD      fs/notify/fanotify/built-in.o
  LD      kernel/built-in.o
  CC      fs/nfs/getroot.o
  CC      fs/notify/inotify/inotify_fsnotify.o
  CC      drivers/hid/hid-debug.o
  CC      drivers/hid/hid-core.o
  CC      drivers/hid/hid-input.o
  CC      net/ipv4/ip_fragment.o
  CC      fs/notify/inotify/inotify_user.o
  LD      lib/built-in.o
  LD      fs/partitions/built-in.o
  CC      fs/lockd/xdr.o
  CC      fs/proc/mmu.o
  CC      fs/proc/task_mmu.o
  CC      fs/nfs/inode.o
  CC      fs/proc/inode.o
  LD      fs/notify/inotify/built-in.o
  CC      fs/proc/root.o
  LD      fs/notify/built-in.o
  LD      fs/quota/built-in.o
  AR      lib/lib.a
  CC      fs/ramfs/inode.o
  CC      fs/ramfs/file-mmu.o
  CC      net/ipv4/ip_forward.o
  CC      drivers/hid/uhid.o
  CC      fs/lockd/grace.o
  CC      net/ipv4/ip_options.o
  LD      fs/ramfs/ramfs.o
  CC      fs/proc/base.o
  LD      fs/ramfs/built-in.o
  CC      fs/sysfs/inode.o
  CC      fs/proc/generic.o
  CC      fs/lockd/clnt4xdr.o
  CC      fs/proc/array.o
  CC      drivers/hid/hid-a4tech.o
  CC      fs/sysfs/file.o
  CC      net/ipv6/ip6_input.o
  CC      fs/sysfs/dir.o
  CC      net/ipv4/ip_output.o
  CC      drivers/hid/hid-axff.o
  CC      fs/proc/proc_tty.o
  CC      fs/nfs/super.o
  CC      drivers/hid/hid-apple.o
  CC      drivers/hid/hid-belkin.o
  CC      net/ipv4/ip_sockglue.o
  CC      fs/sysfs/symlink.o
  CC      fs/proc/cmdline.o
  CC      fs/lockd/xdr4.o
  CC      fs/proc/consoles.o
  CC      net/ipv6/addrconf.o
  CC      fs/proc/cpuinfo.o
  CC      drivers/hid/hid-cherry.o
  CC      drivers/hid/hid-chicony.o
  CC      fs/proc/devices.o
  CC      fs/proc/interrupts.o
  CC      fs/sysfs/mount.o
  CC      drivers/hid/hid-cypress.o
  CC      fs/sysfs/bin.o
  CC      fs/proc/loadavg.o
  CC      fs/proc/meminfo.o
  CC      fs/proc/stat.o
  CC      drivers/hid/hid-dr.o
  CC      drivers/hid/hid-emsff.o
  CC      fs/proc/uptime.o
  CC      fs/proc/version.o
  CC      fs/lockd/svc4proc.o
  CC      fs/sysfs/group.o
  CC      fs/proc/softirqs.o
  CC      fs/proc/namespaces.o
  CC      fs/nfs/nfs2xdr.o
  CC      drivers/hid/hid-elecom.o
  CC      fs/proc/proc_sysctl.o
  CC      fs/proc/proc_net.o
  CC      fs/proc/kmsg.o
  CC      drivers/hid/hid-ezkey.o
  CC      net/ipv4/inet_hashtables.o
  LD      fs/sysfs/built-in.o
  CC      net/ipv4/inet_timewait_sock.o
  CC      drivers/hid/hid-gyration.o
  CC      fs/proc/page.o
  CC      fs/udf/balloc.o
  CC      fs/udf/dir.o
  CC      drivers/hid/hid-kensington.o
  LD      fs/proc/proc.o
  CC      fs/nfs/direct.o
  CC      fs/eventpoll.o
  CC      drivers/hid/hid-keytouch.o
  CC      net/ipv4/inet_connection_sock.o
  CC      drivers/hid/hid-kye.o
  LD      fs/proc/built-in.o
  CC      fs/anon_inodes.o
  LD      fs/lockd/lockd.o
  CC      net/ipv4/tcp.o
  CC      fs/udf/file.o
  CC      fs/signalfd.o
  CC      net/key/af_key.o
  CC      net/ipv6/addrlabel.o
  CC      drivers/hid/hid-lcpower.o
  LD      fs/lockd/built-in.o
  LD      drivers/hid/hid-logitech.o
  CC      drivers/hid/hid-magicmouse.o
  CC      fs/timerfd.o
  CC      fs/eventfd.o
  CC      drivers/hid/hid-microsoft.o
  CC      fs/udf/ialloc.o
  CC      fs/locks.o
  CC      drivers/hid/hid-monterey.o
  CC      fs/nfs/pagelist.o
  CC      fs/binfmt_misc.o
  CC      fs/binfmt_script.o
  CC      fs/udf/inode.o
  CC      fs/binfmt_elf.o
  CC      drivers/hid/hid-multitouch.o
  CC      drivers/hid/hid-ntrig.o
  CC      net/ipv6/route.o
  CC      fs/mbcache.o
  CC      net/ipv4/tcp_input.o
  CC      fs/posix_acl.o
  CC      drivers/hid/hid-ortek.o
  CC      drivers/hid/hid-prodikeys.o
  CC      fs/xattr_acl.o
  CC      fs/generic_acl.o
  CC      fs/nfs/proc.o
  CC      drivers/hid/hid-quanta.o
  CC      fs/dyn_sync_cntrl.o
  CC      fs/udf/lowlevel.o
  CC      fs/udf/namei.o
  CC      fs/udf/partition.o
  CC      drivers/hid/hid-pl.o
  CC      drivers/hid/hid-petalynx.o
  CC      fs/nfs/read.o
  CC      fs/nfs/symlink.o
  CC      net/ipv4/tcp_output.o
  LD      net/key/built-in.o
  CC      net/ipv6/ip6_fib.o
  CC      net/ipv6/ipv6_sockglue.o
  CC      fs/udf/super.o
  CC      drivers/hid/hid-picolcd.o
  CC      fs/udf/truncate.o
  CC      net/netfilter/core.o
  CC      drivers/hid/hid-roccat.o
  CC      fs/nfs/unlink.o
  CC      fs/udf/symlink.o
  CC      fs/nfs/write.o
  CC      fs/udf/directory.o
  CC      fs/udf/misc.o
  CC      drivers/hid/hid-roccat-common.o
  CC      net/netfilter/nf_log.o
  CC      fs/nfs/namespace.o
  CC      net/ipv6/ndisc.o
  CC      net/ipv6/udp.o
  CC      fs/udf/udftime.o
  CC      fs/udf/unicode.o
  CC      drivers/hid/hid-roccat-arvo.o
  CC      drivers/hid/hid-roccat-kone.o
  CC      net/netfilter/nf_queue.o
  CC      net/netfilter/nf_sockopt.o
  LD      fs/udf/udf.o
  CC      drivers/hid/hid-roccat-koneplus.o
  CC      fs/nfs/mount_clnt.o
  LD      fs/udf/built-in.o
  CC      fs/nfs/dns_resolve.o
  CC      drivers/hid/hid-roccat-kovaplus.o
  CC      net/netfilter/nf_conntrack_core.o
  CC      net/ipv4/tcp_timer.o
  CC      net/netfilter/nf_conntrack_standalone.o
  CC      net/ipv4/tcp_ipv4.o
  CC      fs/nfs/cache_lib.o
  CC      net/netfilter/nf_conntrack_expect.o
  CC      net/ipv6/udplite.o
  CC      fs/nfs/nfs3proc.o
  CC      net/ipv6/raw.o
  CC      drivers/hid/hid-roccat-pyra.o
/home/nian/CherryS/net/netfilter/nf_conntrack_core.c: In function 'nf_conntrack_init':
/home/nian/CherryS/net/netfilter/nf_conntrack_core.c:1594:3: warning: the comparison will always evaluate as 'true' for the address of 'nf_conntrack_attach' will never be NULL [-Waddress]
/home/nian/CherryS/net/netfilter/nf_conntrack_core.c:1595:3: warning: the comparison will always evaluate as 'true' for the address of 'destroy_conntrack' will never be NULL [-Waddress]
  CC      drivers/hid/hid-samsung.o
  CC      fs/nfs/nfs3xdr.o
  CC      net/ipv6/protocol.o
  CC      net/netfilter/nf_conntrack_helper.o
  CC      drivers/hid/hid-sjoy.o
  CC      drivers/hid/hid-sony.o
  CC      net/ipv6/icmp.o
  CC      net/ipv6/mcast.o
  CC      drivers/hid/hid-sunplus.o
  CC      fs/nfs/nfs3acl.o
  CC      drivers/hid/hid-gaff.o
  CC      drivers/hid/hid-tmff.o
  CC      net/ipv4/tcp_minisocks.o
  CC      net/netfilter/nf_conntrack_proto.o
  CC      net/netfilter/nf_conntrack_l3proto_generic.o
  CC      drivers/hid/hid-topseed.o
  CC      net/ipv6/reassembly.o
  CC      net/netfilter/nf_conntrack_proto_generic.o
  CC      drivers/hid/hid-twinhan.o
  CC      fs/nfs/nfs4proc.o
/home/nian/CherryS/net/netfilter/nf_conntrack_proto.c: In function 'nf_conntrack_l3proto_unregister':
/home/nian/CherryS/net/netfilter/nf_conntrack_proto.c:210:2: warning: the comparison will always evaluate as 'true' for the address of 'nf_conntrack_l3proto_generic' will never be NULL [-Waddress]
/home/nian/CherryS/net/netfilter/nf_conntrack_proto.c: In function 'nf_conntrack_l4proto_unregister':
/home/nian/CherryS/net/netfilter/nf_conntrack_proto.c:345:2: warning: the comparison will always evaluate as 'true' for the address of 'nf_conntrack_l4proto_generic' will never be NULL [-Waddress]
/home/nian/CherryS/net/netfilter/nf_conntrack_proto.c: In function 'nf_conntrack_proto_init':
/home/nian/CherryS/net/netfilter/nf_conntrack_proto.c:370:3: warning: the comparison will always evaluate as 'true' for the address of 'nf_conntrack_l3proto_generic' will never be NULL [-Waddress]
  CC      net/netfilter/nf_conntrack_proto_tcp.o
  CC      drivers/hid/hid-uclogic.o
  CC      fs/nfs/nfs4xdr.o
  CC      drivers/hid/hid-zpff.o
  CC      net/netfilter/nf_conntrack_proto_udp.o
  CC      drivers/hid/hid-zydacron.o
  CC      net/netfilter/nf_conntrack_extend.o
  CC      net/ipv4/tcp_cong.o
  CC      net/ipv6/tcp_ipv6.o
  CC      net/ipv6/exthdrs.o
/home/nian/CherryS/fs/nfs/nfs4proc.c: In function '__nfs4_get_acl_uncached':
/home/nian/CherryS/fs/nfs/nfs4proc.c:3600:2: warning: format '%ld' expects argument of type 'long int', but argument 4 has type 'size_t' [-Wformat]
/home/nian/CherryS/fs/nfs/nfs4proc.c:3600:2: warning: format '%ld' expects argument of type 'long int', but argument 6 has type 'size_t' [-Wformat]
  CC      drivers/hid/hid-wacom.o
  CC      net/ipv6/datagram.o
  CC      net/ipv4/datagram.o
  CC      net/netfilter/nf_conntrack_acct.o
  CC      net/netfilter/nf_conntrack_ecache.o
  CC      net/netfilter/nf_conntrack_h323_main.o
  CC      drivers/hid/hid-waltop.o
  CC      drivers/hid/usbhid/hid-core.o
  CC      net/ipv6/ip6_flowlabel.o
  CC      net/netfilter/nf_conntrack_h323_asn1.o
  CC      net/ipv6/inet6_connection_sock.o
  CC      net/netfilter/nfnetlink.o
  CC      net/ipv4/raw.o
  CC      net/ipv4/udp.o
  CC      net/ipv6/sysctl_net_ipv6.o
  CC      net/ipv6/xfrm6_policy.o
  CC      net/netfilter/nfnetlink_queue.o
  CC      net/ipv6/xfrm6_state.o
  CC      net/netfilter/nfnetlink_log.o
  LD      net/netfilter/nf_conntrack.o
  CC      net/netfilter/nf_conntrack_proto_dccp.o
  CC      net/ipv6/xfrm6_input.o
  CC      net/ipv6/xfrm6_output.o
  CC      net/netfilter/nf_conntrack_proto_gre.o
  CC      net/ipv6/netfilter.o
  CC      net/ipv6/fib6_rules.o
  CC      net/ipv4/udplite.o
  CC      drivers/hid/usbhid/hid-quirks.o
  CC      net/ipv6/proc.o
  CC      net/netfilter/nf_conntrack_proto_sctp.o
  CC      net/netfilter/nf_conntrack_proto_udplite.o
  LD      drivers/hid/usbhid/usbhid.o
  LD      drivers/hid/usbhid/built-in.o
  CC      net/ipv4/arp.o
  LD      drivers/hid/hid.o
  CC      net/ipv6/ah6.o
  LD      drivers/hid/built-in.o
  CC      net/ipv6/esp6.o
  CC      net/ipv6/ipcomp6.o
  CC      fs/nfs/nfs4state.o
  CC      net/netfilter/nf_conntrack_netlink.o
  CC      net/ipv4/icmp.o
  CC      fs/nfs/nfs4renewd.o
  CC      net/netfilter/nf_conntrack_amanda.o
  CC      drivers/i2c/i2c-boardinfo.o
  CC      net/ipv6/xfrm6_tunnel.o
  CC      net/netfilter/nf_conntrack_ftp.o
  CC      net/ipv6/tunnel6.o
  CC      net/ipv6/xfrm6_mode_transport.o
  CC      drivers/i2c/i2c-core.o
  CC      net/ipv6/xfrm6_mode_tunnel.o
  CC      net/ipv4/devinet.o
  CC      fs/nfs/delegation.o
  LD      net/netfilter/nf_conntrack_h323.o
  CC      net/netfilter/nf_conntrack_irc.o
  CC      net/ipv6/xfrm6_mode_beet.o
  CC      net/ipv6/mip6.o
  CC      net/ipv4/af_inet.o
  CC      net/ipv6/netfilter/ip6_tables.o
  CC      net/netfilter/nf_conntrack_broadcast.o
  CC      net/ipv6/sit.o
  CC      net/netfilter/nf_conntrack_netbios_ns.o
  CC      fs/nfs/idmap.o
  CC      net/netfilter/nf_conntrack_pptp.o
  CC      net/ipv6/ip6_tunnel.o
  CC      drivers/i2c/i2c-dev.o
  CC      net/netfilter/nf_conntrack_sane.o
  CC      fs/nfs/callback.o
  CC      fs/nfs/callback_xdr.o
  CC      net/netfilter/nf_conntrack_tftp.o
  CC      net/ipv6/addrconf_core.o
  CC      drivers/i2c/algos/i2c-algo-bit.o
  CC      net/netfilter/nf_tproxy_core.o
  CC      net/netfilter/x_tables.o
  CC      net/ipv4/igmp.o
  CC      net/netfilter/xt_tcpudp.o
  CC      fs/nfs/callback_proc.o
  CC      net/netfilter/xt_mark.o
  CC      net/ipv6/netfilter/ip6table_filter.o
  CC      net/netfilter/xt_connmark.o
  LD      drivers/i2c/algos/built-in.o
  CC      net/ipv4/fib_frontend.o
  CC      net/ipv6/exthdrs_core.o
  CC      drivers/i2c/busses/i2c-gpio.o
  CC      net/ipv6/netfilter/ip6table_mangle.o
  CC      net/netfilter/xt_CLASSIFY.o
  CC      net/ipv6/inet6_hashtables.o
  CC      fs/nfs/nfs4namespace.o
  CC      net/netfilter/xt_NFLOG.o
  CC      drivers/i2c/busses/i2c-s3c2410.o
  CC      net/netfilter/xt_NFQUEUE.o
  CC      net/netfilter/xt_TPROXY.o
  CC      net/netfilter/xt_TCPMSS.o
  CC      net/netfilter/xt_TRACE.o
  CC      net/ipv6/netfilter/ip6table_raw.o
  LD      net/ipv6/ipv6.o
  LD      drivers/i2c/busses/built-in.o
  CC      fs/nfs/pnfs.o
  LD      drivers/i2c/muxes/built-in.o
  CC      net/netfilter/xt_comment.o
  LD      drivers/i2c/built-in.o
  CC      fs/nfs/pnfs_dev.o
  LD      drivers/idle/built-in.o
  LD      drivers/ieee802154/built-in.o
  CC      drivers/input/serio/serio.o
  CC      drivers/input/input.o
  CC      net/netfilter/xt_connbytes.o
  CC      net/netfilter/xt_connlimit.o
  CC      net/netfilter/xt_conntrack.o
  CC      net/netfilter/xt_hashlimit.o
  CC      net/ipv6/netfilter/nf_conntrack_l3proto_ipv6.o
  CC      net/ipv4/fib_semantics.o
  CC      net/ipv4/fib_trie.o
  CC      net/netfilter/xt_helper.o
  CC      net/netfilter/xt_hl.o
  CC      fs/nfs/sysctl.o
  CC      drivers/input/serio/serport.o
  CC      net/netfilter/xt_iprange.o
  CC      net/netfilter/xt_length.o
  CC      net/netfilter/xt_limit.o
  CC      net/netfilter/xt_mac.o
  CC      net/ipv6/netfilter/nf_conntrack_proto_icmpv6.o
  CC      drivers/input/serio/libps2.o
  CC      fs/nfs/nfs4filelayout.o
  CC      fs/nfs/nfs4filelayoutdev.o
  CC      net/ipv4/inet_fragment.o
  CC      net/netfilter/xt_pkttype.o
  CC      drivers/input/input-compat.o
  CC      net/netfilter/xt_policy.o
  CC      net/netfilter/xt_qtaguid_print.o
  CC      net/netfilter/xt_qtaguid.o
  CC      net/netfilter/xt_quota.o
  LD      drivers/input/serio/built-in.o
  CC      drivers/input/input-mt.o
  LD      drivers/iommu/built-in.o
  CC      drivers/leds/led-core.o
  CC      net/ipv6/netfilter/nf_defrag_ipv6_hooks.o
  CC      net/ipv4/ping.o
  CC      drivers/leds/led-class.o
  CC      net/netfilter/xt_quota2.o
  CC      drivers/leds/leds-aat1290a.o
  CC      drivers/input/ff-core.o
  CC      net/ipv4/sysctl_net_ipv4.o
  CC      net/netfilter/xt_socket.o
  LD      fs/nfs/nfs.o
  CC      net/netfilter/xt_state.o
  CC      drivers/leds/leds-an30259a.o
  CC      net/netfilter/xt_statistic.o
  CC      net/ipv4/sysfs_net_ipv4.o
  LD      fs/nfs/nfs_layout_nfsv41_files.o
  LD      fs/nfs/built-in.o
/home/nian/CherryS/drivers/leds/leds-an30259a.c: In function 'store_an30259a_led_fade':
/home/nian/CherryS/drivers/leds/leds-an30259a.c:663:24: warning: unused variable 'data' [-Wunused-variable]
  CC      drivers/input/ff-memless.o
  CC      net/netfilter/xt_string.o
  CC      net/netfilter/xt_time.o
  CC      net/netfilter/xt_u32.o
  LD      fs/built-in.o
  CC      net/ipv6/netfilter/nf_conntrack_reasm.o
  LD      net/netfilter/netfilter.o
  CC      net/ipv4/proc.o
  CC      drivers/input/mousedev.o
  CC      net/ipv4/fib_rules.o
  CC      net/ipv4/esp4.o
  CC      net/ipv4/tunnel4.o
  LD      drivers/leds/built-in.o
  CC      net/ipv6/netfilter/ip6t_LOG.o
  LD      drivers/lguest/built-in.o
  LD      drivers/macintosh/built-in.o
  LD      net/netfilter/built-in.o
  CC      drivers/md/dm.o
  CC      drivers/media/media-device.o
  CC      drivers/input/evdev.o
  CC      net/ipv6/netfilter/ip6t_REJECT.o
In file included from /home/nian/CherryS/net/ipv6/netfilter/ip6t_LOG.c:26:0:
/home/nian/CherryS/include/net/netfilter/xt_log.h: In function 'sb_close':
/home/nian/CherryS/include/net/netfilter/xt_log.h:50:3: warning: value computed is not used [-Wunused-value]
  CC      net/netlink/af_netlink.o
/home/nian/CherryS/drivers/md/dm.c: In function 'split_bvec':
/home/nian/CherryS/drivers/md/dm.c:1070:3: warning: statement with no effect [-Wunused-value]
/home/nian/CherryS/drivers/md/dm.c: In function 'clone_bio':
/home/nian/CherryS/drivers/md/dm.c:1097:3: warning: statement with no effect [-Wunused-value]
  CC      net/ipv4/xfrm4_mode_transport.o
  CC      net/ipv4/xfrm4_mode_tunnel.o
  CC      drivers/input/keyboard/atkbd.o
  CC      net/ipv4/netfilter.o
  LD      net/ipv6/netfilter/nf_conntrack_ipv6.o
  CC      net/ipv4/inet_diag.o
  LD      net/ipv6/netfilter/nf_defrag_ipv6.o
  CC      drivers/input/keyboard/gpio_keys.o
  CC      drivers/input/misc/gpio_event.o
  LD      net/ipv6/netfilter/built-in.o
  CC      drivers/media/media-devnode.o
  CC      net/ipv4/netfilter/nf_nat_rule.o
  CC      net/ipv4/tcp_diag.o
  LD      net/ipv6/built-in.o
  CC      drivers/md/dm-table.o
  CC      net/packet/af_packet.o
  CC      drivers/input/misc/gpio_matrix.o
  CC      net/ipv4/tcp_cubic.o
  CC      drivers/input/keyboard/cypress/cypress-touchkey.o
  CC      drivers/media/media-entity.o
  CC      net/ipv4/xfrm4_policy.o
  CC      net/netlink/genetlink.o
/home/nian/CherryS/drivers/md/dm-table.c: In function 'dm_table_set_integrity':
/home/nian/CherryS/drivers/md/dm-table.c:1188:3: warning: statement with no effect [-Wunused-value]
  CC      net/ipv4/netfilter/nf_nat_standalone.o
  LD      drivers/media/common/tuners/built-in.o
  LD      drivers/media/common/built-in.o
/home/nian/CherryS/net/ipv4/netfilter/nf_nat_standalone.c: In function 'nf_nat_standalone_init':
/home/nian/CherryS/net/ipv4/netfilter/nf_nat_standalone.c:289:2: warning: the comparison will always evaluate as 'true' for the address of 'nat_decode_session' will never be NULL [-Waddress]
  CC      net/ipv4/xfrm4_state.o
  CC      net/ipv4/netfilter/nf_conntrack_l3proto_ipv4_compat.o
  CC      net/ipv4/xfrm4_input.o
  CC      net/ipv4/xfrm4_output.o
  CC      drivers/input/misc/gpio_input.o
  CC      drivers/md/dm-target.o
  CC      drivers/media/isdbt/fc8150/bbm.o
  LD      drivers/media/radio/built-in.o
  LD      net/netlink/built-in.o
  LD      net/packet/built-in.o
  CC      net/phonet/pn_dev.o
  CC      net/rfkill/core.o
  CC      drivers/media/rc/keymaps/rc-adstech-dvb-t-pci.o
  CC      drivers/media/isdbt/fc8150/fc8150.o
  CC      drivers/input/keyboard/cypress/issp_driver_routines.o
  CC      drivers/media/rc/keymaps/rc-alink-dtu-m.o
  CC      drivers/input/misc/gpio_output.o
  CC      drivers/media/rc/keymaps/rc-anysee.o
  CC      net/ipv4/netfilter/nf_conntrack_l3proto_ipv4.o
  CC      drivers/md/dm-linear.o
  CC      drivers/md/dm-stripe.o
  CC      drivers/input/misc/gpio_axis.o
  CC      net/phonet/pn_netlink.o
  CC      net/phonet/socket.o
  CC      drivers/media/rc/keymaps/rc-apac-viewcomp.o
  CC      drivers/media/rc/keymaps/rc-asus-pc39.o
  CC      net/phonet/datagram.o
  CC      drivers/input/keyboard/cypress/issp_main.o
  LD      net/rfkill/rfkill.o
  LD      net/rfkill/built-in.o
  CC      drivers/input/misc/keychord.o
  CC      net/sched/sch_generic.o
  CC      drivers/media/rc/keymaps/rc-ati-tv-wonder-hd-600.o
  CC      drivers/media/rc/keymaps/rc-avermedia-a16d.o
  CC      drivers/md/dm-ioctl.o
/home/nian/CherryS/drivers/input/keyboard/cypress/issp_main.c: In function 'ISSP_main':
/home/nian/CherryS/drivers/input/keyboard/cypress/issp_main.c:645:16: warning: unused variable 'flags' [-Wunused-variable]
  CC      net/phonet/sysctl.o
  CC      drivers/media/rc/keymaps/rc-avermedia.o
  CC      drivers/media/rc/keymaps/rc-avermedia-cardbus.o
  CC      drivers/media/isdbt/fc8150/fc8150_bb.o
/home/nian/CherryS/net/sched/sch_generic.c: In function 'dev_graft_qdisc':
/home/nian/CherryS/net/sched/sch_generic.c:678:2: warning: the comparison will always evaluate as 'true' for the address of 'noop_qdisc' will never be NULL [-Waddress]
  CC      drivers/md/dm-io.o
  CC      net/phonet/af_phonet.o
  CC      drivers/media/rc/keymaps/rc-avermedia-dvbt.o
  CC      drivers/media/rc/keymaps/rc-avermedia-m135a.o
  CC      drivers/input/keyboard/cypress/issp_routines.o
  CC      net/ipv4/netfilter/nf_conntrack_proto_icmp.o
  CC      drivers/media/isdbt/fc8150/fc8150_hpi.o
  CC      drivers/media/rc/keymaps/rc-avermedia-m733a-rm-k6.o
  CC      drivers/input/misc/uinput.o
  CC      net/phonet/pep.o
  CC      drivers/media/isdbt/fc8150/fc8150_i2c.o
  CC      drivers/media/rc/keymaps/rc-avermedia-rm-ks.o
  CC      drivers/media/isdbt/fc8150/fc8150_isr.o
  CC      drivers/media/rc/keymaps/rc-avertv-303.o
  CC      drivers/media/isdbt/fc8150/fc8150_ppi.o
  CC      drivers/media/rc/keymaps/rc-azurewave-ad-tu700.o
  CC      net/phonet/pep-gprs.o
  CC      drivers/media/rc/keymaps/rc-behold.o
  CC      drivers/media/isdbt/fc8150/fc8150_spi.o
  LD      drivers/input/misc/built-in.o
  CC      drivers/media/rc/keymaps/rc-behold-columbus.o
  CC      drivers/input/touchscreen/mms_ts.o
  CC      drivers/md/dm-kcopyd.o
  CC      net/sched/sch_mq.o
make[4]: *** 没有规则可以创建“drivers/input/touchscreen/built-in.o”需要的目标“drivers/input/touchscreen/touchboost_switch.o”。 停止。
make[4]: *** 正在等待未完成的任务....
  CC      drivers/media/isdbt/fc8150/fc8150_spib.o
  CC      net/ipv4/netfilter/nf_nat_core.o
  CC      drivers/md/dm-sysfs.o
  CC      drivers/media/rc/keymaps/rc-budget-ci-old.o
  LD      drivers/input/keyboard/cypress/built-in.o
  LD      drivers/input/keyboard/built-in.o
  CC      drivers/input/keyreset.o
  CC      drivers/media/rc/keymaps/rc-cinergy-1400.o
  CC      drivers/media/rc/keymaps/rc-cinergy.o
  CC      drivers/media/rc/keymaps/rc-dib0700-nec.o
  CC      drivers/media/isdbt/fc8150/fc8150_tun.o
  CC      net/sched/sch_api.o
/home/nian/CherryS/drivers/input/touchscreen/mms_ts.c:53:31: fatal error: touchboost_switch.h: No such file or directory
compilation terminated.
make[4]: *** [drivers/input/touchscreen/mms_ts.o] 错误 1
make[3]: *** [drivers/input/touchscreen] 错误 2
make[3]: *** 正在等待未完成的任务....
  CC      net/sched/sch_blackhole.o
  CC      drivers/media/rc/keymaps/rc-dib0700-rc5.o
  LD      net/phonet/phonet.o
  CC      drivers/media/rc/keymaps/rc-digitalnow-tinytwin.o
  LD      net/phonet/pn_pep.o
  LD      net/phonet/built-in.o
  CC      drivers/media/rc/keymaps/rc-digittrade.o
  CC      drivers/media/isdbt/fc8150/fci_bypass.o
  CC      drivers/media/rc/keymaps/rc-dm1105-nec.o
  CC      drivers/media/rc/keymaps/rc-dntv-live-dvb-t.o
/home/nian/CherryS/net/ipv4/netfilter/nf_nat_core.c: In function 'nf_nat_protocol_unregister':
/home/nian/CherryS/net/ipv4/netfilter/nf_nat_core.c:528:2: warning: the comparison will always evaluate as 'true' for the address of 'nf_nat_unknown_protocol' will never be NULL [-Waddress]
/home/nian/CherryS/net/ipv4/netfilter/nf_nat_core.c: In function 'nf_nat_init':
/home/nian/CherryS/net/ipv4/netfilter/nf_nat_core.c:739:3: warning: the comparison will always evaluate as 'true' for the address of 'nf_nat_unknown_protocol' will never be NULL [-Waddress]
/home/nian/CherryS/net/ipv4/netfilter/nf_nat_core.c:740:2: warning: the comparison will always evaluate as 'true' for the address of 'nf_nat_protocol_tcp' will never be NULL [-Waddress]
/home/nian/CherryS/net/ipv4/netfilter/nf_nat_core.c:741:2: warning: the comparison will always evaluate as 'true' for the address of 'nf_nat_protocol_udp' will never be NULL [-Waddress]
/home/nian/CherryS/net/ipv4/netfilter/nf_nat_core.c:742:2: warning: the comparison will always evaluate as 'true' for the address of 'nf_nat_protocol_icmp' will never be NULL [-Waddress]
/home/nian/CherryS/net/ipv4/netfilter/nf_nat_core.c:751:2: warning: the comparison will always evaluate as 'true' for the address of 'nf_nat_seq_adjust' will never be NULL [-Waddress]
/home/nian/CherryS/net/ipv4/netfilter/nf_nat_core.c:753:2: warning: the comparison will always evaluate as 'true' for the address of 'nfnetlink_parse_nat_setup' will never be NULL [-Waddress]
/home/nian/CherryS/net/ipv4/netfilter/nf_nat_core.c:756:2: warning: the comparison will always evaluate as 'true' for the address of 'nf_nat_get_offset' will never be NULL [-Waddress]
  CC      drivers/media/isdbt/fc8150/fci_hal.o
  CC      net/sunrpc/clnt.o
  CC      drivers/md/dm-crypt.o
  CC      drivers/media/rc/keymaps/rc-dntv-live-dvbt-pro.o
  CC      drivers/media/isdbt/fc8150/fci_i2c.o
  CC      drivers/media/rc/keymaps/rc-em-terratec.o
  LD      drivers/md/dm-mod.o
  CC      net/sched/cls_api.o
  CC      drivers/media/rc/keymaps/rc-encore-enltv2.o
  CC      drivers/media/rc/keymaps/rc-encore-enltv.o
  CC      drivers/media/rc/keymaps/rc-encore-enltv-fm53.o
  CC      drivers/media/isdbt/fc8150/fci_oal.o
  CC      drivers/media/rc/keymaps/rc-evga-indtube.o
make[2]: *** [drivers/input] 错误 2
make[2]: *** 正在等待未完成的任务....
  CC      drivers/media/rc/keymaps/rc-eztv.o
  CC      drivers/media/rc/keymaps/rc-flydvb.o
  CC      drivers/media/isdbt/fc8150/fci_ringbuffer.o
  CC      drivers/media/rc/keymaps/rc-flyvideo.o
  CC      drivers/media/rc/keymaps/rc-fusionhdtv-mce.o
  CC      drivers/media/rc/keymaps/rc-gadmei-rm008z.o
  CC      drivers/media/rc/keymaps/rc-genius-tvgo-a11mce.o
  CC      drivers/media/rc/keymaps/rc-gotview7135.o
  CC      drivers/media/rc/keymaps/rc-imon-mce.o
  CC      drivers/media/rc/keymaps/rc-imon-pad.o
  CC      drivers/media/rc/keymaps/rc-iodata-bctv7e.o
  CC      drivers/media/rc/keymaps/rc-kaiomy.o
  CC      net/ipv4/netfilter/nf_nat_helper.o
  CC      drivers/media/rc/keymaps/rc-kworld-315u.o
  CC      drivers/media/isdbt/fc8150/fci_tun.o
  CC      drivers/media/rc/keymaps/rc-kworld-plus-tv-analog.o
  CC      drivers/media/rc/keymaps/rc-leadtek-y04g0051.o
  CC      drivers/media/rc/keymaps/rc-lirc.o
  CC      net/sched/act_api.o
  CC      drivers/media/rc/keymaps/rc-lme2510.o
  CC      drivers/media/rc/keymaps/rc-manli.o
  LD      drivers/media/isdbt/fc8150/built-in.o
  CC      drivers/media/rc/keymaps/rc-msi-digivox-ii.o
  LD      drivers/media/isdbt/built-in.o
  CC      drivers/media/rc/keymaps/rc-msi-digivox-iii.o
  CC      drivers/media/rc/keymaps/rc-msi-tvanywhere.o
  CC      drivers/media/rc/keymaps/rc-msi-tvanywhere-plus.o
  CC      drivers/media/video/v4l2-dev.o
  CC      drivers/media/rc/keymaps/rc-nebula.o
  CC      drivers/media/rc/keymaps/rc-nec-terratec-cinergy-xs.o
  CC      net/sched/act_police.o
  CC      net/sched/act_gact.o
  LD      drivers/md/built-in.o
  CC      net/sched/act_mirred.o
  CC      drivers/media/rc/keymaps/rc-norwood.o
  CC      drivers/media/rc/keymaps/rc-npgtech.o
  CC      drivers/media/rc/keymaps/rc-pctv-sedna.o
  CC      drivers/media/rc/keymaps/rc-pinnacle-color.o
  CC      drivers/media/rc/keymaps/rc-pinnacle-grey.o
  CC      net/sunrpc/xprt.o
  CC      drivers/media/rc/keymaps/rc-pinnacle-pctv-hd.o
  CC      drivers/media/rc/keymaps/rc-pixelview.o
  CC      net/sunrpc/socklib.o
  CC      drivers/media/rc/keymaps/rc-pixelview-mk12.o
  CC      drivers/media/rc/keymaps/rc-pixelview-002t.o
  CC      net/sched/sch_fifo.o
  CC      drivers/media/rc/keymaps/rc-pixelview-new.o
  CC      drivers/media/rc/keymaps/rc-powercolor-real-angel.o
  CC      net/sched/sch_htb.o
  CC      net/ipv4/netfilter/nf_nat_proto_unknown.o
  CC      net/sched/sch_ingress.o
  CC      drivers/media/rc/keymaps/rc-proteus-2309.o
  CC      drivers/media/rc/rc-main.o
  CC      drivers/media/video/v4l2-ioctl.o
  CC      drivers/media/rc/keymaps/rc-purpletv.o
  CC      drivers/media/rc/keymaps/rc-pv951.o
  CC      net/sched/cls_u32.o
  CC      drivers/media/rc/keymaps/rc-hauppauge.o
  CC      drivers/media/rc/keymaps/rc-rc6-mce.o
  CC      drivers/media/rc/keymaps/rc-real-audio-220-32-keys.o
  CC      net/ipv4/netfilter/nf_nat_proto_common.o
  CC      net/sched/ematch.o
  CC      drivers/media/rc/keymaps/rc-streamzap.o
  CC      drivers/media/rc/keymaps/rc-tbs-nec.o
  CC      drivers/media/rc/keymaps/rc-technisat-usb2.o
  CC      net/sunrpc/xprtsock.o
  CC      drivers/media/rc/keymaps/rc-terratec-cinergy-xs.o
  CC      net/sched/em_u32.o
  CC      drivers/media/rc/keymaps/rc-terratec-slim.o
  CC      drivers/media/rc/keymaps/rc-terratec-slim-2.o
  CC      drivers/media/rc/keymaps/rc-tevii-nec.o
  CC      net/sunrpc/sched.o
  CC      drivers/media/rc/ir-raw.o
  CC      drivers/media/rc/keymaps/rc-tivo.o
  CC      net/ipv4/netfilter/nf_nat_proto_tcp.o
  CC      drivers/media/rc/lirc_dev.o
  CC      drivers/media/rc/keymaps/rc-total-media-in-hand.o
  CC      drivers/media/rc/keymaps/rc-trekstor.o
  CC      drivers/media/rc/keymaps/rc-tt-1500.o
  CC      net/sunrpc/auth.o
  CC      net/sunrpc/auth_null.o
  CC      drivers/media/rc/keymaps/rc-twinhan1027.o
  CC      drivers/media/rc/keymaps/rc-videomate-m1f.o
  CC      drivers/media/rc/keymaps/rc-videomate-s350.o
  CC      drivers/media/rc/keymaps/rc-videomate-tv-pvr.o
  CC      net/ipv4/netfilter/nf_nat_proto_udp.o
  LD      net/sched/built-in.o
  CC      drivers/media/rc/keymaps/rc-winfast.o
  CC      drivers/media/rc/ir-nec-decoder.o
  CC      net/unix/af_unix.o
  CC      drivers/media/rc/keymaps/rc-winfast-usbii-deluxe.o
  CC      drivers/media/rc/ir-rc5-decoder.o
  CC      drivers/media/video/v4l2-device.o
  CC      drivers/media/video/v4l2-fh.o
  CC      net/sunrpc/auth_unix.o
  CC      net/sunrpc/auth_generic.o
  CC      net/ipv4/netfilter/nf_nat_proto_icmp.o
  CC      drivers/media/rc/ir-rc6-decoder.o
  LD      drivers/media/rc/keymaps/built-in.o
  CC      drivers/media/rc/ir-jvc-decoder.o
  CC      net/sunrpc/svc.o
  CC      drivers/media/rc/ir-sony-decoder.o
  CC      drivers/media/video/v4l2-event.o
  CC      net/sunrpc/svcsock.o
  CC      net/ipv4/netfilter/nf_defrag_ipv4.o
  CC      drivers/media/video/v4l2-ctrls.o
  CC      drivers/media/rc/ir-rc5-sz-decoder.o
  CC      drivers/media/rc/ir-lirc-codec.o
  CC      net/sunrpc/svcauth.o
  LD      drivers/media/rc/rc-core.o
  CC      net/sunrpc/svcauth_unix.o
  CC      net/sunrpc/addr.o
  CC      drivers/media/video/v4l2-subdev.o
  CC      drivers/media/video/v4l2-int-device.o
  CC      drivers/media/video/v4l2-common.o
  LD      drivers/media/rc/built-in.o
  LD      drivers/media/media.o
  CC      net/ipv4/netfilter/nf_nat_amanda.o
  CC      net/sunrpc/rpcb_clnt.o
  CC      drivers/media/video/s5c73m3.o
  CC      drivers/media/video/s5c73m3_spi.o
  CC      drivers/media/video/videobuf2-cma-phys.o
/home/nian/CherryS/drivers/media/video/s5c73m3_spi.c: In function 's5c73m3_spi_read':
/home/nian/CherryS/drivers/media/video/s5c73m3_spi.c:79:5: warning: unused variable 'paddingData' [-Wunused-variable]
/home/nian/CherryS/drivers/media/video/s5c73m3_spi.c:77:6: warning: unused variable 'z' [-Wunused-variable]
  CC      net/sunrpc/timer.o
  CC      drivers/media/video/videobuf2-core.o
  CC      net/sunrpc/xdr.o
  CC      drivers/media/video/videobuf2-memops.o
/home/nian/CherryS/drivers/media/video/s5c73m3.c:229:12: warning: 's5c73m3_i2c_write_block' defined but not used [-Wunused-function]
/home/nian/CherryS/drivers/media/video/s5c73m3.c:1134:12: warning: 's5c73m3_SPI_booting_by_ISP' defined but not used [-Wunused-function]
/home/nian/CherryS/drivers/media/video/s5c73m3.c:3174:12: warning: 's5c73m3_FROM_booting' defined but not used [-Wunused-function]
  CC      net/sunrpc/sunrpc_syms.o
  CC      net/unix/garbage.o
/home/nian/CherryS/net/ipv4/netfilter/nf_nat_amanda.c: In function 'nf_nat_amanda_init':
/home/nian/CherryS/net/ipv4/netfilter/nf_nat_amanda.c:80:2: warning: the comparison will always evaluate as 'true' for the address of 'help' will never be NULL [-Waddress]
  CC      net/sunrpc/cache.o
  CC      drivers/media/video/v4l2-mem2mem.o
  CC      net/ipv4/netfilter/nf_nat_ftp.o
  CC      net/sunrpc/rpc_pipe.o
  LD      drivers/media/video/davinci/built-in.o
  CC      drivers/media/video/mhl/sii9234.o
  CC      drivers/media/video/exynos/fimc-is/fimc-is-core.o
  CC      net/sunrpc/svc_xprt.o
  CC      net/unix/sysctl_net_unix.o
  CC      net/sunrpc/backchannel_rqst.o
/home/nian/CherryS/net/ipv4/netfilter/nf_nat_ftp.c: In function 'nf_nat_ftp_init':
/home/nian/CherryS/net/ipv4/netfilter/nf_nat_ftp.c:123:2: warning: the comparison will always evaluate as 'true' for the address of 'nf_nat_ftp' will never be NULL [-Waddress]
  CC      net/ipv4/netfilter/nf_nat_h323.o
  CC      net/sunrpc/bc_svc.o
  CC      drivers/media/video/samsung/fimc/fimc_v4l2.o
/home/nian/CherryS/drivers/media/video/mhl/sii9234.c: In function 'sii9234_mhl_tx_i2c_probe':
/home/nian/CherryS/drivers/media/video/mhl/sii9234.c:4088:2: warning: label 'err_exit2b' defined but not used [-Wunused-label]
/home/nian/CherryS/drivers/media/video/mhl/sii9234.c: At top level:
/home/nian/CherryS/drivers/media/video/mhl/sii9234.c:1120:13: warning: 'cbus_handle_wrt_burst_recd' defined but not used [-Wunused-function]
/home/nian/CherryS/drivers/media/video/mhl/sii9234.c:2902:13: warning: 'cbus_command_response_all' defined but not used [-Wunused-function]
/home/nian/CherryS/drivers/media/video/mhl/sii9234.c:3728:1: warning: 'dev_attr_mhl_read_reg' defined but not used [-Wunused-variable]
/home/nian/CherryS/net/ipv4/netfilter/nf_nat_h323.c: In function 'init':
/home/nian/CherryS/net/ipv4/netfilter/nf_nat_h323.c:584:2: warning: the comparison will always evaluate as 'true' for the address of 'set_h245_addr' will never be NULL [-Waddress]
/home/nian/CherryS/net/ipv4/netfilter/nf_nat_h323.c:585:2: warning: the comparison will always evaluate as 'true' for the address of 'set_h225_addr' will never be NULL [-Waddress]
/home/nian/CherryS/net/ipv4/netfilter/nf_nat_h323.c:586:2: warning: the comparison will always evaluate as 'true' for the address of 'set_sig_addr' will never be NULL [-Waddress]
/home/nian/CherryS/net/ipv4/netfilter/nf_nat_h323.c:587:2: warning: the comparison will always evaluate as 'true' for the address of 'set_ras_addr' will never be NULL [-Waddress]
/home/nian/CherryS/net/ipv4/netfilter/nf_nat_h323.c:588:2: warning: the comparison will always evaluate as 'true' for the address of 'nat_rtp_rtcp' will never be NULL [-Waddress]
/home/nian/CherryS/net/ipv4/netfilter/nf_nat_h323.c:589:2: warning: the comparison will always evaluate as 'true' for the address of 'nat_t120' will never be NULL [-Waddress]
/home/nian/CherryS/net/ipv4/netfilter/nf_nat_h323.c:590:2: warning: the comparison will always evaluate as 'true' for the address of 'nat_h245' will never be NULL [-Waddress]
/home/nian/CherryS/net/ipv4/netfilter/nf_nat_h323.c:591:2: warning: the comparison will always evaluate as 'true' for the address of 'nat_callforwarding' will never be NULL [-Waddress]
/home/nian/CherryS/net/ipv4/netfilter/nf_nat_h323.c:592:2: warning: the comparison will always evaluate as 'true' for the address of 'nat_q931' will never be NULL [-Waddress]
  CC      net/sunrpc/stats.o
  CC      drivers/media/video/exynos/fimc-is/fimc-is-v4l2.o
  LD      net/unix/unix.o
  LD      net/unix/built-in.o
  CC      drivers/media/video/ir-kbd-i2c.o
  CC      net/sunrpc/sysctl.o
  CC      net/wireless/core.o
  CC      net/ipv4/netfilter/nf_nat_irc.o
  CC      drivers/media/video/samsung/fimc/fimc_output.o
  CC      net/sunrpc/auth_gss/auth_gss.o
  CC      net/sunrpc/auth_gss/gss_generic_token.o
/home/nian/CherryS/net/ipv4/netfilter/nf_nat_irc.c: In function 'nf_nat_irc_init':
/home/nian/CherryS/net/ipv4/netfilter/nf_nat_irc.c:85:2: warning: the comparison will always evaluate as 'true' for the address of 'help' will never be NULL [-Waddress]
  LD      drivers/media/video/videodev.o
  CC      drivers/media/video/exynos/fimc-is/fimc-is-helper.o
  CC      drivers/media/video/exynos/fimc-is/fimc-is-err.o
  CC      net/sunrpc/auth_gss/gss_mech_switch.o
  CC      net/ipv4/netfilter/nf_nat_pptp.o
  CC      net/ipv4/netfilter/nf_nat_tftp.o
  LD      net/sunrpc/sunrpc.o
  CC      net/sunrpc/auth_gss/svcauth_gss.o
  CC      drivers/media/video/samsung/fimc/fimc_overlay.o
/home/nian/CherryS/net/ipv4/netfilter/nf_nat_pptp.c: In function 'nf_nat_helper_pptp_init':
/home/nian/CherryS/net/ipv4/netfilter/nf_nat_pptp.c:285:2: warning: the comparison will always evaluate as 'true' for the address of 'pptp_outbound_pkt' will never be NULL [-Waddress]
/home/nian/CherryS/net/ipv4/netfilter/nf_nat_pptp.c:288:2: warning: the comparison will always evaluate as 'true' for the address of 'pptp_inbound_pkt' will never be NULL [-Waddress]
/home/nian/CherryS/net/ipv4/netfilter/nf_nat_pptp.c:291:2: warning: the comparison will always evaluate as 'true' for the address of 'pptp_exp_gre' will never be NULL [-Waddress]
/home/nian/CherryS/net/ipv4/netfilter/nf_nat_pptp.c:294:2: warning: the comparison will always evaluate as 'true' for the address of 'pptp_nat_expected' will never be NULL [-Waddress]
  LD      drivers/media/video/mhl/built-in.o
  CC      drivers/media/video/samsung/fimc/fimc_regs.o
/home/nian/CherryS/net/ipv4/netfilter/nf_nat_tftp.c: In function 'nf_nat_tftp_init':
/home/nian/CherryS/net/ipv4/netfilter/nf_nat_tftp.c:46:2: warning: the comparison will always evaluate as 'true' for the address of 'help' will never be NULL [-Waddress]
  CC      drivers/media/video/exynos/fimc-is/fimc-is-mem.o
  CC      net/ipv4/netfilter/nf_nat_proto_dccp.o
  CC      net/ipv4/netfilter/nf_nat_proto_gre.o
  CC      net/wireless/sysfs.o
  CC      drivers/media/video/samsung/fimc/fimc_capture.o
  CC      net/wireless/radiotap.o
  CC      net/wireless/util.o
  CC      net/ipv4/netfilter/nf_nat_proto_udplite.o
  CC      net/ipv4/netfilter/nf_nat_proto_sctp.o
  CC      net/wireless/reg.o
  CC      net/wireless/scan.o
  LD      net/sunrpc/auth_gss/auth_rpcgss.o
  LD      net/sunrpc/auth_gss/built-in.o
  LD      net/sunrpc/built-in.o
  CC      net/wireless/nl80211.o
  CC      net/xfrm/xfrm_policy.o
  CC      net/ipv4/netfilter/ip_tables.o
  CC      net/ipv4/netfilter/iptable_filter.o
  CC      net/wireless/mlme.o
  CC      drivers/media/video/samsung/fimc/fimc_dev.o
  CC      drivers/media/video/samsung/fimc/csis.o
  CC      net/wireless/ibss.o
  CC      net/ipv4/netfilter/iptable_mangle.o
/home/nian/CherryS/drivers/media/video/samsung/fimc/csis.c: In function 's3c_csis_start':
/home/nian/CherryS/drivers/media/video/samsung/fimc/csis.c:233:6: warning: unused variable 'i' [-Wunused-variable]
/home/nian/CherryS/drivers/media/video/samsung/fimc/csis.c: In function 's3c_csis_irq':
/home/nian/CherryS/drivers/media/video/samsung/fimc/csis.c:304:6: warning: unused variable 'bufnum' [-Wunused-variable]
/home/nian/CherryS/drivers/media/video/samsung/fimc/fimc_dev.c: In function 'fimc_release':
/home/nian/CherryS/drivers/media/video/samsung/fimc/fimc_dev.c:1582:26: warning: unused variable 'pdev' [-Wunused-variable]
  CC      net/ipv4/netfilter/iptable_raw.o
  LD      net/ipv4/netfilter/iptable_nat.o
  CC      net/wireless/sme.o
  CC      net/ipv4/netfilter/ipt_ah.o
  CC      net/wireless/chan.o
  CC      net/wireless/ethtool.o
  CC      net/wireless/mesh.o
  CC      net/ipv4/netfilter/ipt_ecn.o
  CC      net/ipv4/netfilter/ipt_LOG.o
  LD      drivers/media/video/samsung/fimc/built-in.o
  CC      net/wireless/wext-compat.o
  CC      drivers/media/video/samsung/fimg2d4x-exynos4/fimg2d_drv.o
  CC      net/wireless/wext-sme.o
  CC      net/wireless/wext-core.o
  LD      drivers/media/video/exynos/fimc-is/built-in.o
  CC      drivers/media/video/exynos/fimc-lite/fimc-lite-core.o
  CC      drivers/media/video/samsung/fimg2d4x-exynos4/fimg2d_ctx.o
In file included from /home/nian/CherryS/net/ipv4/netfilter/ipt_LOG.c:27:0:
/home/nian/CherryS/include/net/netfilter/xt_log.h: In function 'sb_close':
/home/nian/CherryS/include/net/netfilter/xt_log.h:50:3: warning: value computed is not used [-Wunused-value]
  CC      net/wireless/wext-proc.o
/home/nian/CherryS/drivers/media/video/exynos/fimc-lite/fimc-lite-core.c: In function 'flite_probe':
/home/nian/CherryS/drivers/media/video/exynos/fimc-lite/fimc-lite-core.c:2143:1: warning: label 'err_resource' defined but not used [-Wunused-label]
/home/nian/CherryS/drivers/media/video/exynos/fimc-lite/fimc-lite-core.c:2135:1: warning: label 'err_device_register' defined but not used [-Wunused-label]
  CC      net/ipv4/netfilter/ipt_MASQUERADE.o
  CC      drivers/media/video/exynos/fimc-lite/fimc-lite-reg.o
  CC      drivers/media/video/samsung/fimg2d4x-exynos4/fimg2d_cache.o
  CC      net/xfrm/xfrm_state.o
  CC      net/ipv4/netfilter/ipt_NETMAP.o
  CC      drivers/media/video/samsung/fimg2d4x-exynos4/fimg2d_clk.o
  CC      drivers/media/video/samsung/fimg2d4x-exynos4/fimg2d_helper.o
  CC      drivers/media/video/samsung/fimg2d4x-exynos4/fimg2d4x_blt.o
  CC      net/ipv4/netfilter/ipt_REDIRECT.o
  CC      net/ipv4/netfilter/ipt_REJECT.o
  CC      net/ipv4/netfilter/arp_tables.o
  CC      drivers/media/video/samsung/fimg2d4x-exynos4/fimg2d4x_hw.o
  CC      net/ipv4/netfilter/arpt_mangle.o
  CC      net/ipv4/netfilter/arptable_filter.o
  LD      drivers/media/video/exynos/fimc-lite/fimc-lite.o
  LD      net/ipv4/netfilter/nf_conntrack_ipv4.o
  LD      drivers/media/video/exynos/fimc-lite/built-in.o
  LD      net/ipv4/netfilter/nf_nat.o
  CC      drivers/media/video/exynos/mdev/exynos-mdev.o
  LD      drivers/media/video/exynos/rotator/built-in.o
  CC      net/sysctl_net.o
  CC      net/xfrm/xfrm_hash.o
  CC      drivers/media/video/samsung/jpeg_v2x/jpeg_dev.o
  CC      drivers/media/video/samsung/jpeg_v2x/jpeg_dec.o
  CC      drivers/media/video/samsung/jpeg_v2x/jpeg_enc.o
  CC      net/xfrm/xfrm_input.o
  CC      net/xfrm/xfrm_output.o
  CC      net/xfrm/xfrm_algo.o
  LD      drivers/media/video/exynos/mdev/mdev.o
  LD      drivers/media/video/exynos/mdev/built-in.o
  LD      drivers/media/video/exynos/built-in.o
  CC      drivers/media/video/samsung/jpeg_v2x/jpeg_regs.o
  LD      drivers/media/video/samsung/fimg2d4x-exynos4/built-in.o
  CC      drivers/media/video/samsung/mfc5x/mfc_dev.o
  CC      drivers/media/video/samsung/jpeg_v2x/jpeg_mem.o
  CC      net/activity_stats.o
  CC      drivers/media/video/samsung/tvout/s5p_tvout.o
  LD      net/ipv4/netfilter/built-in.o
  LD      net/ipv4/built-in.o
  CC      drivers/media/video/samsung/tvout/s5p_tvout_v4l2.o
  CC      drivers/media/video/samsung/tvout/s5p_tvout_fb.o
/home/nian/CherryS/drivers/media/video/samsung/tvout/s5p_tvout.c: In function 'hdmi_set_audio_store':
/home/nian/CherryS/drivers/media/video/samsung/tvout/s5p_tvout.c:87:8: warning: unused variable 'after' [-Wunused-variable]
/home/nian/CherryS/drivers/media/video/samsung/tvout/s5p_tvout.c: In function 's5p_tvout_probe':
/home/nian/CherryS/drivers/media/video/samsung/tvout/s5p_tvout.c:473:1: warning: label 'err_ioremap' defined but not used [-Wunused-label]
/home/nian/CherryS/drivers/media/video/samsung/tvout/s5p_tvout.c:290:15: warning: unused variable 'vp_buff_vir_addr' [-Wunused-variable]
/home/nian/CherryS/drivers/media/video/samsung/tvout/s5p_tvout.c:286:6: warning: unused variable 'ret' [-Wunused-variable]
/home/nian/CherryS/drivers/media/video/samsung/tvout/s5p_tvout.c:285:18: warning: unused variable 'mem_info' [-Wunused-variable]
  CC      net/xfrm/xfrm_sysctl.o
  CC      net/xfrm/xfrm_replay.o
  LD      drivers/media/video/samsung/jpeg_v2x/built-in.o
  CC      net/xfrm/xfrm_ipcomp.o
  CC      drivers/media/video/samsung/tvout/s5p_tvout_common_lib.o
  CC      drivers/media/video/samsung/mfc5x/mfc_dec.o
  CC      drivers/media/video/samsung/tvout/s5p_mixer_ctrl.o
  LD      net/wireless/cfg80211.o
  LD      net/wireless/built-in.o
  CC      drivers/media/video/samsung/tvout/s5p_vp_ctrl.o
  CC      drivers/media/video/samsung/tvout/s5p_tvif_ctrl.o
  CC      drivers/media/video/samsung/tvout/s5p_tvout_hpd.o
  CC      drivers/media/video/samsung/mfc5x/mfc_enc.o
  CC      drivers/media/video/samsung/mfc5x/mfc_inst.o
  CC      drivers/media/video/samsung/mfc5x/mfc_cmd.o
  CC      drivers/media/video/samsung/tvout/hw_if/mixer.o
  CC      drivers/media/video/samsung/mfc5x/mfc_shm.o
  CC      drivers/media/video/samsung/mfc5x/mfc_reg.o
  CC      drivers/media/video/samsung/tvout/hw_if/vp.o
  CC      drivers/media/video/samsung/tvout/hw_if/hdmi.o
  CC      drivers/media/video/samsung/mfc5x/mfc_buf.o
  CC      drivers/media/video/samsung/mfc5x/mfc_pm.o
  CC      drivers/media/video/samsung/mfc5x/mfc_ctrl.o
  CC      drivers/media/video/samsung/mfc5x/mfc_mem.o
  CC      drivers/media/video/samsung/tvout/hw_if/hdcp.o
  LD      net/xfrm/built-in.o
  LD      net/built-in.o
  LD      drivers/media/video/samsung/mfc5x/built-in.o
  LD      drivers/media/video/samsung/tvout/hw_if/built-in.o
  LD      drivers/media/video/samsung/tvout/built-in.o
  LD      drivers/media/video/samsung/built-in.o
  LD      drivers/media/video/built-in.o
  LD      drivers/media/built-in.o
make[1]: *** [drivers] 错误 2
make[1]: *** 正在等待未完成的任务....
make: *** [sub-make] 错误 2
